<?xml version="1.0" encoding="UTF-8"?>
<!-- Generated by org.testng.reporters.JUnitReportReporter -->
<testsuite skipped="0" hostname="sureshs-mbp" name="com.suresh.rough.HelloTest" tests="1" failures="0" timestamp="2020-06-03T19:29:12 IST" time="3.557" errors="0">
  <testcase name="helloTest" time="3.557" classname="com.suresh.rough.HelloTest"/>
  <system-out/>
</testsuite> <!-- com.suresh.rough.HelloTest -->
